2021-09-30T04:01:55+00:00 INFO Doing Task:set_settings
2021-09-30T04:01:55+00:00 INFO Task Done:set_settings
2021-09-30T04:01:56+00:00 INFO Doing Task:create_default_lists
2021-09-30T04:01:56+00:00 INFO Task Done:create_default_lists
2021-09-30T04:01:56+00:00 INFO Doing Task:create_contacts_and_add_to_list
2021-09-30T04:01:57+00:00 INFO Task Done:create_contacts_and_add_to_list
2021-09-30T04:01:57+00:00 INFO Doing Task:add_workflow_for_user_registration
2021-09-30T04:01:57+00:00 INFO Task Done:add_workflow_for_user_registration
2021-09-30T04:01:57+00:00 INFO Doing Task:create_default_newsletter_broadcast
2021-09-30T04:01:58+00:00 INFO Task Done:create_default_newsletter_broadcast
2021-09-30T04:01:58+00:00 INFO Doing Task:create_default_post_notification
2021-09-30T04:01:58+00:00 INFO Task Done:create_default_post_notification
2021-09-30T04:01:59+00:00 INFO Doing Task:create_default_subscription_form
2021-09-30T04:01:59+00:00 INFO Task Done:create_default_subscription_form
2021-09-30T04:02:00+00:00 INFO Doing Task:add_widget_to_sidebar
2021-09-30T04:02:00+00:00 INFO Task Done:add_widget_to_sidebar
2021-09-30T04:02:02+00:00 INFO Doing Task:queue_default_broadcast_newsletter
2021-09-30T04:02:02+00:00 INFO Task Done:queue_default_broadcast_newsletter
2021-09-30T04:02:04+00:00 INFO Doing Task:dispatch_emails_from_server
2021-09-30T04:02:10+00:00 INFO Task Failed:dispatch_emails_from_server
2021-09-30T04:03:00+00:00 INFO Doing Task:subscribe_to_es
2021-09-30T04:03:04+00:00 INFO Task Failed:subscribe_to_es
2021-09-30T04:03:04+00:00 INFO Doing Task:save_final_configuration
2021-09-30T04:03:05+00:00 INFO Task Done:save_final_configuration
